<?xml version="1.0" ?>
<testsuite errors="0" failures="0" name="YmTestCase" tests="2" time="0.000">
	<testcase classname="YmTestCase" name="test_123" time="0.000"/>
	<testcase classname="YmTestCase" name="test_456" time="0.000"/>
	<system-out/>
	<system-err/>
</testsuite>
