<?xml version="1.0" ?>
<testsuite errors="0" failures="0" name="test_sample.testtest" tests="3" time="0.000">
	<testcase classname="test_sample.testtest" name="test_1" time="0.000"/>
	<testcase classname="test_sample.testtest" name="test_2" time="0.000"/>
	<testcase classname="test_sample.testtest" name="test_3" time="0.000"/>
	<system-out/>
	<system-err/>
</testsuite>
